23:18:59.092 [main                     ] DEBUG Logger               - Configured Logger
23:18:59.096 [main                     ] DEBUG GameApplication      - Logging settings
Title: Blurein Bomb Simulator
Version: 0.4bb
Width: 800
Height: 600
Fullscreen: false
Intro: false
Profiling: false
Single step:false
App Mode: DEVELOPER
Menu Key: ESCAPE
Stage Style: DECORATED
Scene Factory: class simgraphic.menu$1

23:18:59.220 [JavaFX Application Thread] DEBUG FXGLApplication      - Initializing FXGL
23:18:59.223 [JavaFX Application Thread] INFO  Engine               - FXGL-21.1 (26.03.2024 17.33) on LINUX (J:25.0.1 FX:21.0.1)
23:18:59.223 [JavaFX Application Thread] DEBUG Engine               - JRE Vendor Name: Oracle Corporation
23:18:59.223 [JavaFX Application Thread] DEBUG Engine               - Running on OS: Linux version 6.14.0-37-generic
23:18:59.223 [JavaFX Application Thread] DEBUG Engine               - Architecture: amd64
23:18:59.223 [JavaFX Application Thread] INFO  Engine               - Source code and latest versions at: https://github.com/AlmasB/FXGL
23:18:59.224 [JavaFX Application Thread] INFO  Engine               -       Ask questions and discuss at: https://github.com/AlmasB/FXGL/discussions
23:18:59.224 [JavaFX Application Thread] INFO  Engine               -              Join the FXGL chat at: https://gitter.im/AlmasB/FXGL
23:18:59.281 [JavaFX Application Thread] DEBUG PrimaryStageWindow   - Creating a JavaFX scene
23:18:59.323 [JavaFX Application Thread] DEBUG PrimaryStageWindow   - Target settings size: 800.0 x 600.0
23:18:59.323 [JavaFX Application Thread] DEBUG PrimaryStageWindow   - Scaled scene size:    800.0 x 600.0
23:18:59.323 [JavaFX Application Thread] DEBUG PrimaryStageWindow   - Scaled ratio: (1.0, 1.0)
23:18:59.324 [JavaFX Application Thread] DEBUG PrimaryStageWindow   - Set initial scene to FXGLStartupScene
23:18:59.326 [JavaFX Application Thread] DEBUG PrimaryStageWindow   - Opening main window
23:18:59.370 [JavaFX Application Thread] DEBUG PrimaryStageWindow   - Window border size: (0.0, 35.0)
23:18:59.370 [JavaFX Application Thread] DEBUG PrimaryStageWindow   - Scaled size: 800.0 x 565.0
23:18:59.370 [JavaFX Application Thread] DEBUG PrimaryStageWindow   - Scaled ratio: (1.0, 0.9416666666666667)
23:18:59.370 [JavaFX Application Thread] DEBUG PrimaryStageWindow   - Scene size: 800.0 x 600.0
23:18:59.370 [JavaFX Application Thread] DEBUG PrimaryStageWindow   - Stage size: 800.0 x 600.0
23:18:59.380 [FXGL Background Thread 1 ] DEBUG Engine               - Initializing environment variables
23:18:59.464 [FXGL Background Thread 1 ] DEBUG FXGLAssetLoaderServi - User app class for loading assets: class simgraphic.menu
23:18:59.465 [FXGL Background Thread 1 ] DEBUG GameApplicationServi - Applying CSS: fxgl_dark.css
23:18:59.465 [FXGL Background Thread 1 ] DEBUG FXGLAssetLoaderServi - Loading from file system: jar:file:/home/pasha/%d0%97%d0%b0%d0%b3%d1%80%d1%83%d0%b7%d0%ba%d0%b8/fxgl-21.1-uber.jar!/fxglassets/ui/css/fxgl_dark.css
23:18:59.512 [FXGL Background Thread 1 ] DEBUG GameApplicationServi - Initializing application scenes
23:18:59.528 [FXGL Background Thread 1 ] DEBUG GameWorld            - Game world initialized
23:18:59.565 [FXGL Background Thread 1 ] DEBUG PhysicsWorld         - Physics world initialized: appHeight=600, physics.ppm=50,0
23:18:59.566 [FXGL Background Thread 1 ] DEBUG PhysicsWorld         - Using strategy: BRUTE_FORCE
23:18:59.569 [FXGL Background Thread 1 ] DEBUG GameScene            - Game scene initialized: 800x600
23:18:59.571 [FXGL Background Thread 1 ] DEBUG GameApplicationServi - Application scenes initialized
23:18:59.582 [FXGL Background Thread 1 ] DEBUG SystemBundleService  - Loading FXGL system data
23:18:59.584 [FXGL Background Thread 1 ] DEBUG FileSystemAccess     - Reading from: /home/pasha/Загрузки/sim/simgraphic/system/fxgl.bundle
23:18:59.592 [FXGL Background Thread 1 ] DEBUG SystemBundleService  - Bundle FXGL: {}
23:18:59.592 [FXGL Background Thread 1 ] DEBUG UpdaterService       - Checking for updates
23:18:59.597 [FXGL Background Thread 4 ] DEBUG FXGLApplication      - Loading fonts
23:18:59.597 [FXGL Background Thread 4 ] DEBUG FXGLAssetLoaderServi - Loading from file system: jar:file:/home/pasha/%d0%97%d0%b0%d0%b3%d1%80%d1%83%d0%b7%d0%ba%d0%b8/fxgl-21.1-uber.jar!/fxglassets/ui/fonts/VarelaRound-Regular.ttf
23:18:59.598 [FXGL Background Thread 1 ] DEBUG FXGLApplication      - Loading default localization
23:18:59.598 [FXGL Background Thread 1 ] DEBUG FXGLAssetLoaderServi - Loading from file system: jar:file:/home/pasha/%d0%97%d0%b0%d0%b3%d1%80%d1%83%d0%b7%d0%ba%d0%b8/fxgl-21.1-uber.jar!/fxglassets/languages/english.lang
23:18:59.604 [FXGL Background Thread 4 ] DEBUG FXGLAssetLoaderServi - Loading from file system: jar:file:/home/pasha/%d0%97%d0%b0%d0%b3%d1%80%d1%83%d0%b7%d0%ba%d0%b8/fxgl-21.1-uber.jar!/fxglassets/ui/fonts/Abel-Regular.ttf
23:18:59.605 [FXGL Background Thread 4 ] DEBUG FXGLAssetLoaderServi - Loading from file system: jar:file:/home/pasha/%d0%97%d0%b0%d0%b3%d1%80%d1%83%d0%b7%d0%ba%d0%b8/fxgl-21.1-uber.jar!/fxglassets/ui/fonts/TerminalLandMono-Regular.otf
23:18:59.607 [FXGL Background Thread 4 ] DEBUG FXGLAssetLoaderServi - Loading from file system: jar:file:/home/pasha/%d0%97%d0%b0%d0%b3%d1%80%d1%83%d0%b7%d0%ba%d0%b8/fxgl-21.1-uber.jar!/fxglassets/ui/fonts/Courier-Prime.ttf
23:18:59.608 [FXGL Background Thread 1 ] INFO  FXGLApplication      - FXGL initialization took: 0,228 sec
23:18:59.614 [JavaFX Application Thread] DEBUG Input                - Registered new binding: Debug blowup - Open Bracket
23:18:59.615 [JavaFX Application Thread] DEBUG Input                - Registered new binding: Cheat_A - A
23:18:59.615 [JavaFX Application Thread] DEBUG Input                - Registered new binding: Cheat_B - B
23:18:59.615 [JavaFX Application Thread] DEBUG Input                - Registered new binding: Cheat_C - C
23:18:59.615 [JavaFX Application Thread] DEBUG Input                - Registered new binding: Cheat_D - D
23:18:59.615 [JavaFX Application Thread] DEBUG Input                - Registered new binding: Cheat_E - E
23:18:59.615 [JavaFX Application Thread] DEBUG Input                - Registered new binding: Cheat_F - F
23:18:59.615 [JavaFX Application Thread] DEBUG Input                - Registered new binding: Cheat_G - G
23:18:59.615 [JavaFX Application Thread] DEBUG Input                - Registered new binding: Cheat_H - H
23:18:59.615 [JavaFX Application Thread] DEBUG Input                - Registered new binding: Cheat_I - I
23:18:59.615 [JavaFX Application Thread] DEBUG Input                - Registered new binding: Cheat_J - J
23:18:59.615 [JavaFX Application Thread] DEBUG Input                - Registered new binding: Cheat_K - K
23:18:59.615 [JavaFX Application Thread] DEBUG Input                - Registered new binding: Cheat_L - L
23:18:59.615 [JavaFX Application Thread] DEBUG Input                - Registered new binding: Cheat_M - M
23:18:59.616 [JavaFX Application Thread] DEBUG Input                - Registered new binding: Cheat_N - N
23:18:59.616 [JavaFX Application Thread] DEBUG Input                - Registered new binding: Cheat_O - O
23:18:59.616 [JavaFX Application Thread] DEBUG Input                - Registered new binding: Cheat_P - P
23:18:59.616 [JavaFX Application Thread] DEBUG Input                - Registered new binding: Cheat_Q - Q
23:18:59.616 [JavaFX Application Thread] DEBUG Input                - Registered new binding: Cheat_R - R
23:18:59.616 [JavaFX Application Thread] DEBUG Input                - Registered new binding: Cheat_S - S
23:18:59.619 [JavaFX Application Thread] DEBUG Input                - Registered new binding: Cheat_T - T
23:18:59.619 [JavaFX Application Thread] DEBUG Input                - Registered new binding: Cheat_U - U
23:18:59.619 [JavaFX Application Thread] DEBUG Input                - Registered new binding: Cheat_V - V
23:18:59.620 [JavaFX Application Thread] DEBUG Input                - Registered new binding: Cheat_W - W
23:18:59.620 [JavaFX Application Thread] DEBUG Input                - Registered new binding: Cheat_X - X
23:18:59.620 [JavaFX Application Thread] DEBUG Input                - Registered new binding: Cheat_Y - Y
23:18:59.620 [JavaFX Application Thread] DEBUG Input                - Registered new binding: Cheat_Z - Z
23:18:59.620 [JavaFX Application Thread] DEBUG FXGLAssetLoaderServi - Loading from file system: jar:file:/home/pasha/%d0%97%d0%b0%d0%b3%d1%80%d1%83%d0%b7%d0%ba%d0%b8/fxgl-21.1-uber.jar!/fxglassets/textures/fxgl_icon.png
23:18:59.648 [JavaFX Application Thread] DEBUG FXGLAssetLoaderServi - Loading from file system: jar:file:/home/pasha/%d0%97%d0%b0%d0%b3%d1%80%d1%83%d0%b7%d0%ba%d0%b8/fxgl-21.1-uber.jar!/fxglassets/textures/fxgl_default_cursor.png
23:18:59.650 [JavaFX Application Thread] DEBUG Input                - Registered new binding: Screenshot - CTRL+8
23:18:59.651 [JavaFX Application Thread] DEBUG Input                - Registered new binding: System info dump - CTRL+9
23:18:59.651 [JavaFX Application Thread] DEBUG Input                - Registered new binding: Restart - CTRL+R
23:18:59.651 [JavaFX Application Thread] DEBUG Input                - Registered new binding: Toggle Debug Camera - CTRL+7
23:18:59.653 [JavaFX Application Thread] DEBUG LoopRunner           - Starting loop
23:18:59.653 [JavaFX Application Thread] DEBUG LoopRunner           - Initializing JavaFX AnimationTimerLoop
23:18:59.654 [JavaFX Application Thread] DEBUG GameApplicationServi - Starting new game
23:18:59.654 [JavaFX Application Thread] DEBUG Input                - Clearing active input actions
23:18:59.659 [JavaFX Application Thread] DEBUG GameApplicationServi - Removing overlay from FXGLStartupScene and adding to FXGLLoadingScene
23:18:59.660 [JavaFX Application Thread] DEBUG PrimaryStageWindow   - FXGLStartupScene -> FXGLLoadingScene
23:18:59.660 [JavaFX Application Thread] DEBUG GameApplicationServi - Clearing previous game
23:18:59.660 [JavaFX Application Thread] DEBUG GameScene            - Clearing game scene
23:18:59.660 [JavaFX Application Thread] DEBUG GameWorld            - Clearing game world
23:18:59.660 [JavaFX Application Thread] DEBUG PhysicsWorld         - Clearing physics world
23:18:59.661 [FXGL Background Thread 4 ] DEBUG FXGLApplication      - Initializing game
23:18:59.666 [JavaFX Application Thread] DEBUG FXGLApplication      - Registering font factories with UI factory
23:18:59.674 [FXGL Background Thread 4 ] DEBUG FXGLAssetLoaderServi - Loading from file system: file:/home/pasha/%d0%97%d0%b0%d0%b3%d1%80%d1%83%d0%b7%d0%ba%d0%b8/sim/simgraphic/out/production/simgraphic/assets/textures/Explosion.png
23:18:59.676 [FXGL Background Thread 4 ] DEBUG FXGLAssetLoaderServi - Loading from file system: file:/home/pasha/%d0%97%d0%b0%d0%b3%d1%80%d1%83%d0%b7%d0%ba%d0%b8/sim/simgraphic/out/production/simgraphic/assets/textures/Explosion2.png
23:18:59.681 [FXGL Background Thread 4 ] INFO  FXGLApplication      - Game initialization took: 0,020 sec
23:18:59.749 [JavaFX Application Thread] DEBUG Input                - Clearing active input actions
23:18:59.756 [JavaFX Application Thread] DEBUG GameApplicationServi - Removing overlay from FXGLLoadingScene and adding to GameScene
23:18:59.756 [JavaFX Application Thread] DEBUG PrimaryStageWindow   - FXGLLoadingScene -> GameScene
23:19:02.597 [FXGL Background Thread 3 ] DEBUG Engine               - Logging environment variables
23:19:02.597 [FXGL Background Thread 3 ] DEBUG Engine               - achievements: []
23:19:02.597 [FXGL Background Thread 3 ] DEBUG Engine               - actualHeight: 597.0
23:19:02.598 [FXGL Background Thread 3 ] DEBUG Engine               - actualHeightProperty: ReadOnlyDoubleProperty [value: 597.0]
23:19:02.598 [FXGL Background Thread 3 ] DEBUG Engine               - actualWidth: 800.0
23:19:02.598 [FXGL Background Thread 3 ] DEBUG Engine               - actualWidthProperty: ReadOnlyDoubleProperty [value: 800.0]
23:19:02.598 [FXGL Background Thread 3 ] DEBUG Engine               - appIcon: fxgl_icon.png
23:19:02.598 [FXGL Background Thread 3 ] DEBUG Engine               - applicationMode: DEVELOPER
23:19:02.598 [FXGL Background Thread 3 ] DEBUG Engine               - cSSList: [fxgl_dark.css]
23:19:02.598 [FXGL Background Thread 3 ] DEBUG Engine               - collisionDetectionStrategy: BRUTE_FORCE
23:19:02.598 [FXGL Background Thread 3 ] DEBUG Engine               - configClass: Optional.empty
23:19:02.598 [FXGL Background Thread 3 ] DEBUG Engine               - credits: []
23:19:02.600 [FXGL Background Thread 3 ] DEBUG Engine               - defaultCursor: CursorInfo(imageName=fxgl_default_cursor.png, hotspotX=7.0, hotspotY=6.0)
23:19:02.601 [FXGL Background Thread 3 ] DEBUG Engine               - devBBoxColorProperty: ObjectProperty [value: 0xff0000ff]
23:19:02.601 [FXGL Background Thread 3 ] DEBUG Engine               - devEnableDebugCameraProperty: BooleanProperty [value: false]
23:19:02.601 [FXGL Background Thread 3 ] DEBUG Engine               - devSensorColorProperty: ObjectProperty [value: 0xffff00ff]
23:19:02.601 [FXGL Background Thread 3 ] DEBUG Engine               - devShowBBoxProperty: BooleanProperty [value: false]
23:19:02.601 [FXGL Background Thread 3 ] DEBUG Engine               - devShowPositionProperty: BooleanProperty [value: false]
23:19:02.601 [FXGL Background Thread 3 ] DEBUG Engine               - enabledMenuItems: []
23:19:02.601 [FXGL Background Thread 3 ] DEBUG Engine               - engineServices: [class com.almasb.fxgl.app.services.FXGLAssetLoaderService, class com.almasb.fxgl.app.FXGLApplication$GameApplicationService, class com.almasb.fxgl.app.services.FXGLDialogService, class com.almasb.fxgl.app.services.IOTaskExecutorService, class com.almasb.fxgl.io.FileSystemService, class com.almasb.fxgl.localization.LocalizationService, class com.almasb.fxgl.app.services.SystemBundleService, class com.almasb.fxgl.profile.SaveLoadService, class com.almasb.fxgl.ui.FXGLUIFactoryServiceProvider, class com.almasb.fxgl.ui.FXGLDialogFactoryServiceProvider, class com.almasb.fxgl.audio.AudioPlayer, class com.almasb.fxgl.notification.impl.NotificationServiceProvider, class com.almasb.fxgl.achievement.AchievementService, class com.almasb.fxgl.cutscene.CutsceneService, class com.almasb.fxgl.minigames.MiniGameService, class com.almasb.fxgl.net.NetService, class com.almasb.fxgl.app.services.UpdaterService, class com.almasb.fxgl.dev.DevService]
23:19:02.601 [FXGL Background Thread 3 ] DEBUG Engine               - fontGame: Abel-Regular.ttf
23:19:02.601 [FXGL Background Thread 3 ] DEBUG Engine               - fontMono: TerminalLandMono-Regular.otf
23:19:02.601 [FXGL Background Thread 3 ] DEBUG Engine               - fontSizeScaleUI: 1.0
23:19:02.601 [FXGL Background Thread 3 ] DEBUG Engine               - fontText: Courier-Prime.ttf
23:19:02.601 [FXGL Background Thread 3 ] DEBUG Engine               - fontUI: VarelaRound-Regular.ttf
23:19:02.601 [FXGL Background Thread 3 ] DEBUG Engine               - fullScreen: BooleanProperty [value: false]
23:19:02.601 [FXGL Background Thread 3 ] DEBUG Engine               - gameDifficulty: MEDIUM
23:19:02.601 [FXGL Background Thread 3 ] DEBUG Engine               - gameDifficultyProperty: ObjectProperty [value: MEDIUM]
23:19:02.601 [FXGL Background Thread 3 ] DEBUG Engine               - globalMusicVolume: 0.5
23:19:02.601 [FXGL Background Thread 3 ] DEBUG Engine               - globalMusicVolumeProperty: DoubleProperty [value: 0.5]
23:19:02.601 [FXGL Background Thread 3 ] DEBUG Engine               - globalSoundVolume: 0.5
23:19:02.601 [FXGL Background Thread 3 ] DEBUG Engine               - globalSoundVolumeProperty: DoubleProperty [value: 0.5]
23:19:02.601 [FXGL Background Thread 3 ] DEBUG Engine               - height: 600
23:19:02.602 [FXGL Background Thread 3 ] DEBUG Engine               - is3D: false
23:19:02.602 [FXGL Background Thread 3 ] DEBUG Engine               - isAndroid: false
23:19:02.602 [FXGL Background Thread 3 ] DEBUG Engine               - isBrowser: false
23:19:02.602 [FXGL Background Thread 3 ] DEBUG Engine               - isClickFeedbackEnabled: false
23:19:02.602 [FXGL Background Thread 3 ] DEBUG Engine               - isCloseConfirmation: false
23:19:02.602 [FXGL Background Thread 3 ] DEBUG Engine               - isDesktop: true
23:19:02.602 [FXGL Background Thread 3 ] DEBUG Engine               - isDeveloperMenuEnabled: false
23:19:02.602 [FXGL Background Thread 3 ] DEBUG Engine               - isEmbedded: false
23:19:02.602 [FXGL Background Thread 3 ] DEBUG Engine               - isEntityPreloadEnabled: true
23:19:02.602 [FXGL Background Thread 3 ] DEBUG Engine               - isExperimentalTiledLargeMap: false
23:19:02.602 [FXGL Background Thread 3 ] DEBUG Engine               - isFileSystemWriteAllowed: true
23:19:02.602 [FXGL Background Thread 3 ] DEBUG Engine               - isFullScreenAllowed: false
23:19:02.602 [FXGL Background Thread 3 ] DEBUG Engine               - isFullScreenFromStart: false
23:19:02.602 [FXGL Background Thread 3 ] DEBUG Engine               - isGameMenuEnabled: true
23:19:02.602 [FXGL Background Thread 3 ] DEBUG Engine               - isIOS: false
23:19:02.602 [FXGL Background Thread 3 ] DEBUG Engine               - isIntroEnabled: false
23:19:02.602 [FXGL Background Thread 3 ] DEBUG Engine               - isLinux: true
23:19:02.602 [FXGL Background Thread 3 ] DEBUG Engine               - isMac: false
23:19:02.602 [FXGL Background Thread 3 ] DEBUG Engine               - isMainMenuEnabled: false
23:19:02.602 [FXGL Background Thread 3 ] DEBUG Engine               - isManualResizeEnabled: false
23:19:02.602 [FXGL Background Thread 3 ] DEBUG Engine               - isMobile: false
23:19:02.602 [FXGL Background Thread 3 ] DEBUG Engine               - isNative: false
23:19:02.602 [FXGL Background Thread 3 ] DEBUG Engine               - isPauseMusicWhenMinimized: true
23:19:02.602 [FXGL Background Thread 3 ] DEBUG Engine               - isPreserveResizeRatio: false
23:19:02.602 [FXGL Background Thread 3 ] DEBUG Engine               - isProfilingEnabled: false
23:19:02.602 [FXGL Background Thread 3 ] DEBUG Engine               - isScaleAffectedOnResize: true
23:19:02.602 [FXGL Background Thread 3 ] DEBUG Engine               - isSingleStep: false
23:19:02.602 [FXGL Background Thread 3 ] DEBUG Engine               - isUserProfileEnabled: false
23:19:02.602 [FXGL Background Thread 3 ] DEBUG Engine               - isWindows: false
23:19:02.602 [FXGL Background Thread 3 ] DEBUG Engine               - language: ObjectProperty [value: ENGLISH]
23:19:02.602 [FXGL Background Thread 3 ] DEBUG Engine               - menuKey: ESCAPE
23:19:02.602 [FXGL Background Thread 3 ] DEBUG Engine               - mouseSensitivity: 0.2
23:19:02.602 [FXGL Background Thread 3 ] DEBUG Engine               - notificationViewClass: class com.almasb.fxgl.notification.view.XboxNotificationView
23:19:02.602 [FXGL Background Thread 3 ] DEBUG Engine               - pixelsPerMeter: 50.0
23:19:02.602 [FXGL Background Thread 3 ] DEBUG Engine               - platform: LINUX
23:19:02.602 [FXGL Background Thread 3 ] DEBUG Engine               - prefHeightProperty: ReadOnlyDoubleProperty [value: 600.0]
23:19:02.602 [FXGL Background Thread 3 ] DEBUG Engine               - prefWidthProperty: ReadOnlyDoubleProperty [value: 800.0]
23:19:02.602 [FXGL Background Thread 3 ] DEBUG Engine               - profileDir: profiles/
23:19:02.602 [FXGL Background Thread 3 ] DEBUG Engine               - profileName: StringProperty [value: DEFAULT]
23:19:02.603 [FXGL Background Thread 3 ] DEBUG Engine               - randomSeed: -1
23:19:02.603 [FXGL Background Thread 3 ] DEBUG Engine               - runtimeInfo: RuntimeInfo(platform=LINUX, version=21.1, build=26.03.2024 17.33)
23:19:02.603 [FXGL Background Thread 3 ] DEBUG Engine               - saveFileExt: sav
23:19:02.603 [FXGL Background Thread 3 ] DEBUG Engine               - scaledHeightProp$fxgl: DoubleProperty [bound, value: 597.0]
23:19:02.603 [FXGL Background Thread 3 ] DEBUG Engine               - scaledWidthProp$fxgl: DoubleProperty [bound, value: 800.0]
23:19:02.603 [FXGL Background Thread 3 ] DEBUG Engine               - sceneFactory: simgraphic.menu$1@500ef09b
23:19:02.603 [FXGL Background Thread 3 ] DEBUG Engine               - secondsIn24h: 60
23:19:02.603 [FXGL Background Thread 3 ] DEBUG Engine               - soundMenuBack: menu/back.wav
23:19:02.603 [FXGL Background Thread 3 ] DEBUG Engine               - soundMenuPress: menu/press.wav
23:19:02.603 [FXGL Background Thread 3 ] DEBUG Engine               - soundMenuSelect: menu/select.wav
23:19:02.603 [FXGL Background Thread 3 ] DEBUG Engine               - soundNotification: core/notification.wav
23:19:02.603 [FXGL Background Thread 3 ] DEBUG Engine               - stageStyle: DECORATED
23:19:02.603 [FXGL Background Thread 3 ] DEBUG Engine               - supportedLanguages: [ENGLISH, FRENCH, GERMAN, HUNGARIAN, RUSSIAN]
23:19:02.603 [FXGL Background Thread 3 ] DEBUG Engine               - ticksPerSecond: -1
23:19:02.603 [FXGL Background Thread 3 ] DEBUG Engine               - title: Blurein Bomb Simulator
23:19:02.603 [FXGL Background Thread 3 ] DEBUG Engine               - urlGithub: https://github.com/AlmasB/FXGL
23:19:02.603 [FXGL Background Thread 3 ] DEBUG Engine               - urlLeaderboard: http://fxgl-top.herokuapp.com/
23:19:02.603 [FXGL Background Thread 3 ] DEBUG Engine               - urlPOM: https://raw.githubusercontent.com/AlmasB/FXGL/release/README.md
23:19:02.603 [FXGL Background Thread 3 ] DEBUG Engine               - userAppClass: class simgraphic.menu
23:19:02.603 [FXGL Background Thread 3 ] DEBUG Engine               - version: 0.4bb
23:19:02.603 [FXGL Background Thread 3 ] DEBUG Engine               - versionCheckDays: 7
23:19:02.603 [FXGL Background Thread 3 ] DEBUG Engine               - width: 800
23:19:02.603 [FXGL Background Thread 3 ] DEBUG Engine               - Logging services
23:19:02.603 [FXGL Background Thread 3 ] DEBUG Engine               - class com.almasb.fxgl.app.services.FXGLAssetLoaderService
23:19:02.603 [FXGL Background Thread 3 ] DEBUG Engine               - class com.almasb.fxgl.app.FXGLApplication$GameApplicationService
23:19:02.603 [FXGL Background Thread 3 ] DEBUG Engine               - class com.almasb.fxgl.app.services.FXGLDialogService
23:19:02.603 [FXGL Background Thread 3 ] DEBUG Engine               - class com.almasb.fxgl.app.services.IOTaskExecutorService
23:19:02.603 [FXGL Background Thread 3 ] DEBUG Engine               - class com.almasb.fxgl.io.FileSystemService
23:19:02.603 [FXGL Background Thread 3 ] DEBUG Engine               - class com.almasb.fxgl.localization.LocalizationService
23:19:02.604 [FXGL Background Thread 3 ] DEBUG Engine               - class com.almasb.fxgl.app.services.SystemBundleService
23:19:02.604 [FXGL Background Thread 3 ] DEBUG Engine               - class com.almasb.fxgl.profile.SaveLoadService
23:19:02.604 [FXGL Background Thread 3 ] DEBUG Engine               - class com.almasb.fxgl.ui.FXGLUIFactoryServiceProvider
23:19:02.604 [FXGL Background Thread 3 ] DEBUG Engine               - class com.almasb.fxgl.ui.FXGLDialogFactoryServiceProvider
23:19:02.604 [FXGL Background Thread 3 ] DEBUG Engine               - class com.almasb.fxgl.audio.AudioPlayer
23:19:02.604 [FXGL Background Thread 3 ] DEBUG Engine               - class com.almasb.fxgl.notification.impl.NotificationServiceProvider
23:19:02.604 [FXGL Background Thread 3 ] DEBUG Engine               - class com.almasb.fxgl.achievement.AchievementService
23:19:02.604 [FXGL Background Thread 3 ] DEBUG Engine               - class com.almasb.fxgl.cutscene.CutsceneService
23:19:02.604 [FXGL Background Thread 3 ] DEBUG Engine               - class com.almasb.fxgl.minigames.MiniGameService
23:19:02.604 [FXGL Background Thread 3 ] DEBUG Engine               - class com.almasb.fxgl.net.NetService
23:19:02.604 [FXGL Background Thread 3 ] DEBUG Engine               - class com.almasb.fxgl.app.services.UpdaterService
23:19:02.604 [FXGL Background Thread 3 ] DEBUG Engine               - class com.almasb.fxgl.dev.DevService
23:19:19.738 [FXGL Background Thread 2 ] WARN  UpdaterService       - Failed to find updates: java.net.UnknownHostException: raw.githubusercontent.com
23:20:06.403 [JavaFX Application Thread] DEBUG PrimaryStageWindow   - Push state: ShopMenu
23:20:06.403 [JavaFX Application Thread] DEBUG Input                - Clearing active input actions
23:20:06.404 [JavaFX Application Thread] DEBUG GameApplicationServi - Removing overlay from GameScene and adding to ShopMenu
23:20:06.404 [JavaFX Application Thread] DEBUG PrimaryStageWindow   - GameScene -> ShopMenu
23:20:07.807 [JavaFX Application Thread] DEBUG PrimaryStageWindow   - Pop state: ShopMenu
23:20:07.807 [JavaFX Application Thread] DEBUG Input                - Clearing active input actions
23:20:07.807 [JavaFX Application Thread] DEBUG GameApplicationServi - Removing overlay from ShopMenu and adding to GameScene
23:20:07.808 [JavaFX Application Thread] DEBUG PrimaryStageWindow   - GameScene <- ShopMenu
23:20:07.808 [JavaFX Application Thread] WARN  PrimaryStageWindow   - Cannot set to GameScene. Probably because subscenes are present.
22:58:33.397 [JavaFX Application Thread] DEBUG FXGLApplication      - Exiting FXGL
22:58:33.397 [JavaFX Application Thread] DEBUG LoopRunner           - Stopping loop
22:58:33.398 [JavaFX Application Thread] DEBUG SystemBundleService  - Saving FXGL system data
22:58:33.399 [JavaFX Application Thread] DEBUG FileSystemAccess     - Writing to: /home/pasha/Загрузки/sim/simgraphic/system/fxgl.bundle
22:58:33.401 [JavaFX Application Thread] DEBUG Async                - Shutting down background threads
22:58:33.401 [JavaFX Application Thread] DEBUG PrimaryStageWindow   - Closing main window
22:58:33.403 [JavaFX Application Thread] DEBUG Logger               - Closing Logger
