21:46:42.783 [main                     ] DEBUG Logger               - Configured Logger
21:46:42.786 [main                     ] DEBUG GameApplication      - Logging settings
Title: Blurein Bomb Simulator
Version: 0.4bb
Width: 800
Height: 600
Fullscreen: false
Intro: false
Profiling: false
Single step:false
App Mode: DEVELOPER
Menu Key: ESCAPE
Stage Style: DECORATED
Scene Factory: class simgraphic.menu$1

21:46:42.926 [JavaFX Application Thread] DEBUG FXGLApplication      - Initializing FXGL
21:46:42.928 [JavaFX Application Thread] INFO  Engine               - FXGL-21.1 (26.03.2024 17.33) on LINUX (J:25.0.1 FX:21.0.1)
21:46:42.928 [JavaFX Application Thread] DEBUG Engine               - JRE Vendor Name: Oracle Corporation
21:46:42.928 [JavaFX Application Thread] DEBUG Engine               - Running on OS: Linux version 6.14.0-37-generic
21:46:42.931 [JavaFX Application Thread] DEBUG Engine               - Architecture: amd64
21:46:42.931 [JavaFX Application Thread] INFO  Engine               - Source code and latest versions at: https://github.com/AlmasB/FXGL
21:46:42.931 [JavaFX Application Thread] INFO  Engine               -       Ask questions and discuss at: https://github.com/AlmasB/FXGL/discussions
21:46:42.931 [JavaFX Application Thread] INFO  Engine               -              Join the FXGL chat at: https://gitter.im/AlmasB/FXGL
21:46:42.983 [JavaFX Application Thread] DEBUG PrimaryStageWindow   - Creating a JavaFX scene
21:46:43.009 [JavaFX Application Thread] DEBUG PrimaryStageWindow   - Target settings size: 800.0 x 600.0
21:46:43.010 [JavaFX Application Thread] DEBUG PrimaryStageWindow   - Scaled scene size:    800.0 x 600.0
21:46:43.010 [JavaFX Application Thread] DEBUG PrimaryStageWindow   - Scaled ratio: (1.0, 1.0)
21:46:43.010 [JavaFX Application Thread] DEBUG PrimaryStageWindow   - Set initial scene to FXGLStartupScene
21:46:43.012 [JavaFX Application Thread] DEBUG PrimaryStageWindow   - Opening main window
21:46:43.041 [JavaFX Application Thread] DEBUG PrimaryStageWindow   - Window border size: (0.0, 35.0)
21:46:43.042 [JavaFX Application Thread] DEBUG PrimaryStageWindow   - Scaled size: 800.0 x 565.0
21:46:43.042 [JavaFX Application Thread] DEBUG PrimaryStageWindow   - Scaled ratio: (1.0, 0.9416666666666667)
21:46:43.042 [JavaFX Application Thread] DEBUG PrimaryStageWindow   - Scene size: 800.0 x 600.0
21:46:43.042 [JavaFX Application Thread] DEBUG PrimaryStageWindow   - Stage size: 800.0 x 600.0
21:46:43.046 [FXGL Background Thread 1 ] DEBUG Engine               - Initializing environment variables
21:46:43.092 [FXGL Background Thread 1 ] DEBUG FXGLAssetLoaderServi - User app class for loading assets: class simgraphic.menu
21:46:43.093 [FXGL Background Thread 1 ] DEBUG GameApplicationServi - Applying CSS: fxgl_dark.css
21:46:43.093 [FXGL Background Thread 1 ] DEBUG FXGLAssetLoaderServi - Loading from file system: jar:file:/home/pasha/%d0%97%d0%b0%d0%b3%d1%80%d1%83%d0%b7%d0%ba%d0%b8/fxgl-21.1-uber.jar!/fxglassets/ui/css/fxgl_dark.css
21:46:43.125 [FXGL Background Thread 1 ] DEBUG GameApplicationServi - Initializing application scenes
21:46:43.143 [FXGL Background Thread 1 ] DEBUG GameWorld            - Game world initialized
21:46:43.187 [FXGL Background Thread 1 ] DEBUG PhysicsWorld         - Physics world initialized: appHeight=600, physics.ppm=50,0
21:46:43.188 [FXGL Background Thread 1 ] DEBUG PhysicsWorld         - Using strategy: BRUTE_FORCE
21:46:43.191 [FXGL Background Thread 1 ] DEBUG GameScene            - Game scene initialized: 800x600
21:46:43.193 [FXGL Background Thread 1 ] DEBUG GameApplicationServi - Application scenes initialized
21:46:43.205 [FXGL Background Thread 1 ] DEBUG SystemBundleService  - Loading FXGL system data
21:46:43.208 [FXGL Background Thread 1 ] DEBUG FileSystemAccess     - Reading from: /home/pasha/Загрузки/sim/simgraphic/system/fxgl.bundle
21:46:43.214 [FXGL Background Thread 1 ] DEBUG SystemBundleService  - Bundle FXGL: {}
21:46:43.214 [FXGL Background Thread 1 ] DEBUG UpdaterService       - Checking for updates
21:46:43.219 [FXGL Background Thread 4 ] DEBUG FXGLApplication      - Loading fonts
21:46:43.219 [FXGL Background Thread 4 ] DEBUG FXGLAssetLoaderServi - Loading from file system: jar:file:/home/pasha/%d0%97%d0%b0%d0%b3%d1%80%d1%83%d0%b7%d0%ba%d0%b8/fxgl-21.1-uber.jar!/fxglassets/ui/fonts/VarelaRound-Regular.ttf
21:46:43.220 [FXGL Background Thread 1 ] DEBUG FXGLApplication      - Loading default localization
21:46:43.220 [FXGL Background Thread 1 ] DEBUG FXGLAssetLoaderServi - Loading from file system: jar:file:/home/pasha/%d0%97%d0%b0%d0%b3%d1%80%d1%83%d0%b7%d0%ba%d0%b8/fxgl-21.1-uber.jar!/fxglassets/languages/english.lang
21:46:43.227 [FXGL Background Thread 1 ] INFO  FXGLApplication      - FXGL initialization took: 0,181 sec
21:46:43.232 [FXGL Background Thread 4 ] DEBUG FXGLAssetLoaderServi - Loading from file system: jar:file:/home/pasha/%d0%97%d0%b0%d0%b3%d1%80%d1%83%d0%b7%d0%ba%d0%b8/fxgl-21.1-uber.jar!/fxglassets/ui/fonts/Abel-Regular.ttf
21:46:43.234 [FXGL Background Thread 4 ] DEBUG FXGLAssetLoaderServi - Loading from file system: jar:file:/home/pasha/%d0%97%d0%b0%d0%b3%d1%80%d1%83%d0%b7%d0%ba%d0%b8/fxgl-21.1-uber.jar!/fxglassets/ui/fonts/TerminalLandMono-Regular.otf
21:46:43.235 [JavaFX Application Thread] DEBUG Input                - Registered new binding: Debug blowup - Open Bracket
21:46:43.236 [JavaFX Application Thread] DEBUG Input                - Registered new binding: Cheat_A - A
21:46:43.236 [JavaFX Application Thread] DEBUG Input                - Registered new binding: Cheat_B - B
21:46:43.236 [JavaFX Application Thread] DEBUG Input                - Registered new binding: Cheat_C - C
21:46:43.236 [JavaFX Application Thread] DEBUG Input                - Registered new binding: Cheat_D - D
21:46:43.236 [JavaFX Application Thread] DEBUG Input                - Registered new binding: Cheat_E - E
21:46:43.236 [JavaFX Application Thread] DEBUG Input                - Registered new binding: Cheat_F - F
21:46:43.236 [JavaFX Application Thread] DEBUG Input                - Registered new binding: Cheat_G - G
21:46:43.236 [JavaFX Application Thread] DEBUG Input                - Registered new binding: Cheat_H - H
21:46:43.236 [JavaFX Application Thread] DEBUG Input                - Registered new binding: Cheat_I - I
21:46:43.236 [JavaFX Application Thread] DEBUG Input                - Registered new binding: Cheat_J - J
21:46:43.236 [JavaFX Application Thread] DEBUG Input                - Registered new binding: Cheat_K - K
21:46:43.237 [JavaFX Application Thread] DEBUG Input                - Registered new binding: Cheat_L - L
21:46:43.237 [JavaFX Application Thread] DEBUG Input                - Registered new binding: Cheat_M - M
21:46:43.237 [JavaFX Application Thread] DEBUG Input                - Registered new binding: Cheat_N - N
21:46:43.237 [JavaFX Application Thread] DEBUG Input                - Registered new binding: Cheat_O - O
21:46:43.237 [JavaFX Application Thread] DEBUG Input                - Registered new binding: Cheat_P - P
21:46:43.237 [JavaFX Application Thread] DEBUG Input                - Registered new binding: Cheat_Q - Q
21:46:43.237 [JavaFX Application Thread] DEBUG Input                - Registered new binding: Cheat_R - R
21:46:43.237 [JavaFX Application Thread] DEBUG Input                - Registered new binding: Cheat_S - S
21:46:43.237 [JavaFX Application Thread] DEBUG Input                - Registered new binding: Cheat_T - T
21:46:43.238 [JavaFX Application Thread] DEBUG Input                - Registered new binding: Cheat_U - U
21:46:43.238 [JavaFX Application Thread] DEBUG Input                - Registered new binding: Cheat_V - V
21:46:43.238 [JavaFX Application Thread] DEBUG Input                - Registered new binding: Cheat_W - W
21:46:43.238 [JavaFX Application Thread] DEBUG Input                - Registered new binding: Cheat_X - X
21:46:43.238 [JavaFX Application Thread] DEBUG Input                - Registered new binding: Cheat_Y - Y
21:46:43.238 [JavaFX Application Thread] DEBUG Input                - Registered new binding: Cheat_Z - Z
21:46:43.238 [JavaFX Application Thread] DEBUG FXGLAssetLoaderServi - Loading from file system: jar:file:/home/pasha/%d0%97%d0%b0%d0%b3%d1%80%d1%83%d0%b7%d0%ba%d0%b8/fxgl-21.1-uber.jar!/fxglassets/textures/fxgl_icon.png
21:46:43.239 [FXGL Background Thread 4 ] DEBUG FXGLAssetLoaderServi - Loading from file system: jar:file:/home/pasha/%d0%97%d0%b0%d0%b3%d1%80%d1%83%d0%b7%d0%ba%d0%b8/fxgl-21.1-uber.jar!/fxglassets/ui/fonts/Courier-Prime.ttf
21:46:43.263 [JavaFX Application Thread] DEBUG FXGLAssetLoaderServi - Loading from file system: jar:file:/home/pasha/%d0%97%d0%b0%d0%b3%d1%80%d1%83%d0%b7%d0%ba%d0%b8/fxgl-21.1-uber.jar!/fxglassets/textures/fxgl_default_cursor.png
21:46:43.265 [JavaFX Application Thread] DEBUG Input                - Registered new binding: Screenshot - CTRL+8
21:46:43.265 [JavaFX Application Thread] DEBUG Input                - Registered new binding: System info dump - CTRL+9
21:46:43.265 [JavaFX Application Thread] DEBUG Input                - Registered new binding: Restart - CTRL+R
21:46:43.266 [JavaFX Application Thread] DEBUG Input                - Registered new binding: Toggle Debug Camera - CTRL+7
21:46:43.267 [JavaFX Application Thread] DEBUG LoopRunner           - Starting loop
21:46:43.267 [JavaFX Application Thread] DEBUG LoopRunner           - Initializing JavaFX AnimationTimerLoop
21:46:43.268 [JavaFX Application Thread] DEBUG GameApplicationServi - Starting new game
21:46:43.268 [JavaFX Application Thread] DEBUG Input                - Clearing active input actions
21:46:43.274 [JavaFX Application Thread] DEBUG GameApplicationServi - Removing overlay from FXGLStartupScene and adding to FXGLLoadingScene
21:46:43.274 [JavaFX Application Thread] DEBUG PrimaryStageWindow   - FXGLStartupScene -> FXGLLoadingScene
21:46:43.274 [JavaFX Application Thread] DEBUG GameApplicationServi - Clearing previous game
21:46:43.274 [JavaFX Application Thread] DEBUG GameScene            - Clearing game scene
21:46:43.274 [JavaFX Application Thread] DEBUG GameWorld            - Clearing game world
21:46:43.274 [JavaFX Application Thread] DEBUG PhysicsWorld         - Clearing physics world
21:46:43.276 [JavaFX Application Thread] DEBUG FXGLApplication      - Registering font factories with UI factory
21:46:43.276 [FXGL Background Thread 4 ] DEBUG FXGLApplication      - Initializing game
21:46:43.286 [FXGL Background Thread 4 ] DEBUG FXGLAssetLoaderServi - Loading from file system: file:/home/pasha/%d0%97%d0%b0%d0%b3%d1%80%d1%83%d0%b7%d0%ba%d0%b8/sim/simgraphic/out/production/simgraphic/assets/textures/Explosion.png
21:46:43.288 [FXGL Background Thread 4 ] DEBUG FXGLAssetLoaderServi - Loading from file system: file:/home/pasha/%d0%97%d0%b0%d0%b3%d1%80%d1%83%d0%b7%d0%ba%d0%b8/sim/simgraphic/out/production/simgraphic/assets/textures/Explosion2.png
21:46:43.294 [FXGL Background Thread 4 ] INFO  FXGLApplication      - Game initialization took: 0,018 sec
21:46:43.310 [JavaFX Application Thread] DEBUG Input                - Clearing active input actions
21:46:43.336 [JavaFX Application Thread] DEBUG GameApplicationServi - Removing overlay from FXGLLoadingScene and adding to GameScene
21:46:43.343 [JavaFX Application Thread] DEBUG PrimaryStageWindow   - FXGLLoadingScene -> GameScene
21:46:45.676 [JavaFX Application Thread] DEBUG FXGLApplication      - Exiting FXGL
21:46:45.676 [JavaFX Application Thread] DEBUG LoopRunner           - Stopping loop
21:46:45.676 [JavaFX Application Thread] DEBUG SystemBundleService  - Saving FXGL system data
21:46:45.677 [JavaFX Application Thread] DEBUG FileSystemAccess     - Writing to: /home/pasha/Загрузки/sim/simgraphic/system/fxgl.bundle
21:46:45.681 [JavaFX Application Thread] DEBUG Async                - Shutting down background threads
21:46:45.681 [JavaFX Application Thread] DEBUG PrimaryStageWindow   - Closing main window
21:46:45.684 [JavaFX Application Thread] DEBUG Logger               - Closing Logger
