21:52:36.128 [main                     ] DEBUG Logger               - Configured Logger
21:52:36.131 [main                     ] DEBUG GameApplication      - Logging settings
Title: Blurein Bomb Simulator
Version: 0.4bb
Width: 800
Height: 600
Fullscreen: false
Intro: false
Profiling: false
Single step:false
App Mode: DEVELOPER
Menu Key: ESCAPE
Stage Style: DECORATED
Scene Factory: class simgraphic.menu$1

21:52:36.260 [JavaFX Application Thread] DEBUG FXGLApplication      - Initializing FXGL
21:52:36.262 [JavaFX Application Thread] INFO  Engine               - FXGL-21.1 (26.03.2024 17.33) on LINUX (J:25.0.1 FX:21.0.1)
21:52:36.262 [JavaFX Application Thread] DEBUG Engine               - JRE Vendor Name: Oracle Corporation
21:52:36.263 [JavaFX Application Thread] DEBUG Engine               - Running on OS: Linux version 6.14.0-37-generic
21:52:36.263 [JavaFX Application Thread] DEBUG Engine               - Architecture: amd64
21:52:36.263 [JavaFX Application Thread] INFO  Engine               - Source code and latest versions at: https://github.com/AlmasB/FXGL
21:52:36.263 [JavaFX Application Thread] INFO  Engine               -       Ask questions and discuss at: https://github.com/AlmasB/FXGL/discussions
21:52:36.263 [JavaFX Application Thread] INFO  Engine               -              Join the FXGL chat at: https://gitter.im/AlmasB/FXGL
21:52:36.303 [JavaFX Application Thread] DEBUG PrimaryStageWindow   - Creating a JavaFX scene
21:52:36.332 [JavaFX Application Thread] DEBUG PrimaryStageWindow   - Target settings size: 800.0 x 600.0
21:52:36.332 [JavaFX Application Thread] DEBUG PrimaryStageWindow   - Scaled scene size:    800.0 x 600.0
21:52:36.332 [JavaFX Application Thread] DEBUG PrimaryStageWindow   - Scaled ratio: (1.0, 1.0)
21:52:36.333 [JavaFX Application Thread] DEBUG PrimaryStageWindow   - Set initial scene to FXGLStartupScene
21:52:36.336 [JavaFX Application Thread] DEBUG PrimaryStageWindow   - Opening main window
21:52:36.379 [JavaFX Application Thread] DEBUG PrimaryStageWindow   - Window border size: (0.0, 35.0)
21:52:36.379 [JavaFX Application Thread] DEBUG PrimaryStageWindow   - Scaled size: 800.0 x 565.0
21:52:36.379 [JavaFX Application Thread] DEBUG PrimaryStageWindow   - Scaled ratio: (1.0, 0.9416666666666667)
21:52:36.379 [JavaFX Application Thread] DEBUG PrimaryStageWindow   - Scene size: 800.0 x 600.0
21:52:36.379 [JavaFX Application Thread] DEBUG PrimaryStageWindow   - Stage size: 800.0 x 600.0
21:52:36.388 [FXGL Background Thread 1 ] DEBUG Engine               - Initializing environment variables
21:52:36.470 [FXGL Background Thread 1 ] DEBUG FXGLAssetLoaderServi - User app class for loading assets: class simgraphic.menu
21:52:36.470 [FXGL Background Thread 1 ] DEBUG GameApplicationServi - Applying CSS: fxgl_dark.css
21:52:36.473 [FXGL Background Thread 1 ] DEBUG FXGLAssetLoaderServi - Loading from file system: jar:file:/home/pasha/%d0%97%d0%b0%d0%b3%d1%80%d1%83%d0%b7%d0%ba%d0%b8/fxgl-21.1-uber.jar!/fxglassets/ui/css/fxgl_dark.css
21:52:36.519 [FXGL Background Thread 1 ] DEBUG GameApplicationServi - Initializing application scenes
21:52:36.534 [FXGL Background Thread 1 ] DEBUG GameWorld            - Game world initialized
21:52:36.586 [FXGL Background Thread 1 ] DEBUG PhysicsWorld         - Physics world initialized: appHeight=600, physics.ppm=50,0
21:52:36.587 [FXGL Background Thread 1 ] DEBUG PhysicsWorld         - Using strategy: BRUTE_FORCE
21:52:36.590 [FXGL Background Thread 1 ] DEBUG GameScene            - Game scene initialized: 800x600
21:52:36.593 [FXGL Background Thread 1 ] DEBUG GameApplicationServi - Application scenes initialized
21:52:36.604 [FXGL Background Thread 1 ] DEBUG SystemBundleService  - Loading FXGL system data
21:52:36.606 [FXGL Background Thread 1 ] DEBUG FileSystemAccess     - Reading from: /home/pasha/Загрузки/sim/simgraphic/system/fxgl.bundle
21:52:36.611 [FXGL Background Thread 1 ] DEBUG SystemBundleService  - Bundle FXGL: {}
21:52:36.611 [FXGL Background Thread 1 ] DEBUG UpdaterService       - Checking for updates
21:52:36.617 [FXGL Background Thread 4 ] DEBUG FXGLApplication      - Loading fonts
21:52:36.618 [FXGL Background Thread 4 ] DEBUG FXGLAssetLoaderServi - Loading from file system: jar:file:/home/pasha/%d0%97%d0%b0%d0%b3%d1%80%d1%83%d0%b7%d0%ba%d0%b8/fxgl-21.1-uber.jar!/fxglassets/ui/fonts/VarelaRound-Regular.ttf
21:52:36.618 [FXGL Background Thread 1 ] DEBUG FXGLApplication      - Loading default localization
21:52:36.618 [FXGL Background Thread 1 ] DEBUG FXGLAssetLoaderServi - Loading from file system: jar:file:/home/pasha/%d0%97%d0%b0%d0%b3%d1%80%d1%83%d0%b7%d0%ba%d0%b8/fxgl-21.1-uber.jar!/fxglassets/languages/english.lang
21:52:36.624 [FXGL Background Thread 4 ] DEBUG FXGLAssetLoaderServi - Loading from file system: jar:file:/home/pasha/%d0%97%d0%b0%d0%b3%d1%80%d1%83%d0%b7%d0%ba%d0%b8/fxgl-21.1-uber.jar!/fxglassets/ui/fonts/Abel-Regular.ttf
21:52:36.626 [FXGL Background Thread 4 ] DEBUG FXGLAssetLoaderServi - Loading from file system: jar:file:/home/pasha/%d0%97%d0%b0%d0%b3%d1%80%d1%83%d0%b7%d0%ba%d0%b8/fxgl-21.1-uber.jar!/fxglassets/ui/fonts/TerminalLandMono-Regular.otf
21:52:36.627 [FXGL Background Thread 4 ] DEBUG FXGLAssetLoaderServi - Loading from file system: jar:file:/home/pasha/%d0%97%d0%b0%d0%b3%d1%80%d1%83%d0%b7%d0%ba%d0%b8/fxgl-21.1-uber.jar!/fxglassets/ui/fonts/Courier-Prime.ttf
21:52:36.630 [FXGL Background Thread 1 ] INFO  FXGLApplication      - FXGL initialization took: 0,242 sec
21:52:36.630 [JavaFX Application Thread] DEBUG FXGLApplication      - Registering font factories with UI factory
21:52:36.634 [JavaFX Application Thread] DEBUG Input                - Registered new binding: Debug blowup - Open Bracket
21:52:36.635 [JavaFX Application Thread] DEBUG Input                - Registered new binding: Cheat_A - A
21:52:36.635 [JavaFX Application Thread] DEBUG Input                - Registered new binding: Cheat_B - B
21:52:36.635 [JavaFX Application Thread] DEBUG Input                - Registered new binding: Cheat_C - C
21:52:36.635 [JavaFX Application Thread] DEBUG Input                - Registered new binding: Cheat_D - D
21:52:36.635 [JavaFX Application Thread] DEBUG Input                - Registered new binding: Cheat_E - E
21:52:36.635 [JavaFX Application Thread] DEBUG Input                - Registered new binding: Cheat_F - F
21:52:36.635 [JavaFX Application Thread] DEBUG Input                - Registered new binding: Cheat_G - G
21:52:36.636 [JavaFX Application Thread] DEBUG Input                - Registered new binding: Cheat_H - H
21:52:36.636 [JavaFX Application Thread] DEBUG Input                - Registered new binding: Cheat_I - I
21:52:36.636 [JavaFX Application Thread] DEBUG Input                - Registered new binding: Cheat_J - J
21:52:36.636 [JavaFX Application Thread] DEBUG Input                - Registered new binding: Cheat_K - K
21:52:36.636 [JavaFX Application Thread] DEBUG Input                - Registered new binding: Cheat_L - L
21:52:36.636 [JavaFX Application Thread] DEBUG Input                - Registered new binding: Cheat_M - M
21:52:36.636 [JavaFX Application Thread] DEBUG Input                - Registered new binding: Cheat_N - N
21:52:36.636 [JavaFX Application Thread] DEBUG Input                - Registered new binding: Cheat_O - O
21:52:36.637 [JavaFX Application Thread] DEBUG Input                - Registered new binding: Cheat_P - P
21:52:36.637 [JavaFX Application Thread] DEBUG Input                - Registered new binding: Cheat_Q - Q
21:52:36.637 [JavaFX Application Thread] DEBUG Input                - Registered new binding: Cheat_R - R
21:52:36.637 [JavaFX Application Thread] DEBUG Input                - Registered new binding: Cheat_S - S
21:52:36.637 [JavaFX Application Thread] DEBUG Input                - Registered new binding: Cheat_T - T
21:52:36.637 [JavaFX Application Thread] DEBUG Input                - Registered new binding: Cheat_U - U
21:52:36.637 [JavaFX Application Thread] DEBUG Input                - Registered new binding: Cheat_V - V
21:52:36.637 [JavaFX Application Thread] DEBUG Input                - Registered new binding: Cheat_W - W
21:52:36.637 [JavaFX Application Thread] DEBUG Input                - Registered new binding: Cheat_X - X
21:52:36.637 [JavaFX Application Thread] DEBUG Input                - Registered new binding: Cheat_Y - Y
21:52:36.637 [JavaFX Application Thread] DEBUG Input                - Registered new binding: Cheat_Z - Z
21:52:36.638 [JavaFX Application Thread] DEBUG FXGLAssetLoaderServi - Loading from file system: jar:file:/home/pasha/%d0%97%d0%b0%d0%b3%d1%80%d1%83%d0%b7%d0%ba%d0%b8/fxgl-21.1-uber.jar!/fxglassets/textures/fxgl_icon.png
21:52:36.663 [JavaFX Application Thread] DEBUG FXGLAssetLoaderServi - Loading from file system: jar:file:/home/pasha/%d0%97%d0%b0%d0%b3%d1%80%d1%83%d0%b7%d0%ba%d0%b8/fxgl-21.1-uber.jar!/fxglassets/textures/fxgl_default_cursor.png
21:52:36.665 [JavaFX Application Thread] DEBUG Input                - Registered new binding: Screenshot - CTRL+8
21:52:36.665 [JavaFX Application Thread] DEBUG Input                - Registered new binding: System info dump - CTRL+9
21:52:36.665 [JavaFX Application Thread] DEBUG Input                - Registered new binding: Restart - CTRL+R
21:52:36.666 [JavaFX Application Thread] DEBUG Input                - Registered new binding: Toggle Debug Camera - CTRL+7
21:52:36.667 [JavaFX Application Thread] DEBUG LoopRunner           - Starting loop
21:52:36.667 [JavaFX Application Thread] DEBUG LoopRunner           - Initializing JavaFX AnimationTimerLoop
21:52:36.667 [JavaFX Application Thread] DEBUG GameApplicationServi - Starting new game
21:52:36.668 [JavaFX Application Thread] DEBUG Input                - Clearing active input actions
21:52:36.673 [JavaFX Application Thread] DEBUG GameApplicationServi - Removing overlay from FXGLStartupScene and adding to FXGLLoadingScene
21:52:36.674 [JavaFX Application Thread] DEBUG PrimaryStageWindow   - FXGLStartupScene -> FXGLLoadingScene
21:52:36.674 [JavaFX Application Thread] DEBUG GameApplicationServi - Clearing previous game
21:52:36.674 [JavaFX Application Thread] DEBUG GameScene            - Clearing game scene
21:52:36.674 [JavaFX Application Thread] DEBUG GameWorld            - Clearing game world
21:52:36.674 [JavaFX Application Thread] DEBUG PhysicsWorld         - Clearing physics world
21:52:36.674 [FXGL Background Thread 4 ] DEBUG FXGLApplication      - Initializing game
21:52:36.689 [FXGL Background Thread 4 ] DEBUG FXGLAssetLoaderServi - Loading from file system: file:/home/pasha/%d0%97%d0%b0%d0%b3%d1%80%d1%83%d0%b7%d0%ba%d0%b8/sim/simgraphic/out/production/simgraphic/assets/textures/Explosion.png
21:52:36.694 [FXGL Background Thread 4 ] DEBUG FXGLAssetLoaderServi - Loading from file system: file:/home/pasha/%d0%97%d0%b0%d0%b3%d1%80%d1%83%d0%b7%d0%ba%d0%b8/sim/simgraphic/out/production/simgraphic/assets/textures/Explosion2.png
21:52:36.705 [FXGL Background Thread 4 ] INFO  FXGLApplication      - Game initialization took: 0,030 sec
21:52:36.720 [JavaFX Application Thread] DEBUG Input                - Clearing active input actions
21:52:36.755 [JavaFX Application Thread] DEBUG GameApplicationServi - Removing overlay from FXGLLoadingScene and adding to GameScene
21:52:36.757 [JavaFX Application Thread] DEBUG PrimaryStageWindow   - FXGLLoadingScene -> GameScene
21:52:39.615 [FXGL Background Thread 3 ] DEBUG Engine               - Logging environment variables
21:52:39.616 [FXGL Background Thread 3 ] DEBUG Engine               - achievements: []
21:52:39.616 [FXGL Background Thread 3 ] DEBUG Engine               - actualHeight: 597.0
21:52:39.616 [FXGL Background Thread 3 ] DEBUG Engine               - actualHeightProperty: ReadOnlyDoubleProperty [value: 597.0]
21:52:39.616 [FXGL Background Thread 3 ] DEBUG Engine               - actualWidth: 800.0
21:52:39.616 [FXGL Background Thread 3 ] DEBUG Engine               - actualWidthProperty: ReadOnlyDoubleProperty [value: 800.0]
21:52:39.616 [FXGL Background Thread 3 ] DEBUG Engine               - appIcon: fxgl_icon.png
21:52:39.616 [FXGL Background Thread 3 ] DEBUG Engine               - applicationMode: DEVELOPER
21:52:39.616 [FXGL Background Thread 3 ] DEBUG Engine               - cSSList: [fxgl_dark.css]
21:52:39.616 [FXGL Background Thread 3 ] DEBUG Engine               - collisionDetectionStrategy: BRUTE_FORCE
21:52:39.616 [FXGL Background Thread 3 ] DEBUG Engine               - configClass: Optional.empty
21:52:39.616 [FXGL Background Thread 3 ] DEBUG Engine               - credits: []
21:52:39.617 [FXGL Background Thread 3 ] DEBUG Engine               - defaultCursor: CursorInfo(imageName=fxgl_default_cursor.png, hotspotX=7.0, hotspotY=6.0)
21:52:39.618 [FXGL Background Thread 3 ] DEBUG Engine               - devBBoxColorProperty: ObjectProperty [value: 0xff0000ff]
21:52:39.618 [FXGL Background Thread 3 ] DEBUG Engine               - devEnableDebugCameraProperty: BooleanProperty [value: false]
21:52:39.618 [FXGL Background Thread 3 ] DEBUG Engine               - devSensorColorProperty: ObjectProperty [value: 0xffff00ff]
21:52:39.618 [FXGL Background Thread 3 ] DEBUG Engine               - devShowBBoxProperty: BooleanProperty [value: false]
21:52:39.618 [FXGL Background Thread 3 ] DEBUG Engine               - devShowPositionProperty: BooleanProperty [value: false]
21:52:39.618 [FXGL Background Thread 3 ] DEBUG Engine               - enabledMenuItems: []
21:52:39.618 [FXGL Background Thread 3 ] DEBUG Engine               - engineServices: [class com.almasb.fxgl.app.services.FXGLAssetLoaderService, class com.almasb.fxgl.app.FXGLApplication$GameApplicationService, class com.almasb.fxgl.app.services.FXGLDialogService, class com.almasb.fxgl.app.services.IOTaskExecutorService, class com.almasb.fxgl.io.FileSystemService, class com.almasb.fxgl.localization.LocalizationService, class com.almasb.fxgl.app.services.SystemBundleService, class com.almasb.fxgl.profile.SaveLoadService, class com.almasb.fxgl.ui.FXGLUIFactoryServiceProvider, class com.almasb.fxgl.ui.FXGLDialogFactoryServiceProvider, class com.almasb.fxgl.audio.AudioPlayer, class com.almasb.fxgl.notification.impl.NotificationServiceProvider, class com.almasb.fxgl.achievement.AchievementService, class com.almasb.fxgl.cutscene.CutsceneService, class com.almasb.fxgl.minigames.MiniGameService, class com.almasb.fxgl.net.NetService, class com.almasb.fxgl.app.services.UpdaterService, class com.almasb.fxgl.dev.DevService]
21:52:39.618 [FXGL Background Thread 3 ] DEBUG Engine               - fontGame: Abel-Regular.ttf
21:52:39.618 [FXGL Background Thread 3 ] DEBUG Engine               - fontMono: TerminalLandMono-Regular.otf
21:52:39.618 [FXGL Background Thread 3 ] DEBUG Engine               - fontSizeScaleUI: 1.0
21:52:39.618 [FXGL Background Thread 3 ] DEBUG Engine               - fontText: Courier-Prime.ttf
21:52:39.618 [FXGL Background Thread 3 ] DEBUG Engine               - fontUI: VarelaRound-Regular.ttf
21:52:39.618 [FXGL Background Thread 3 ] DEBUG Engine               - fullScreen: BooleanProperty [value: false]
21:52:39.618 [FXGL Background Thread 3 ] DEBUG Engine               - gameDifficulty: MEDIUM
21:52:39.618 [FXGL Background Thread 3 ] DEBUG Engine               - gameDifficultyProperty: ObjectProperty [value: MEDIUM]
21:52:39.618 [FXGL Background Thread 3 ] DEBUG Engine               - globalMusicVolume: 0.5
21:52:39.618 [FXGL Background Thread 3 ] DEBUG Engine               - globalMusicVolumeProperty: DoubleProperty [value: 0.5]
21:52:39.618 [FXGL Background Thread 3 ] DEBUG Engine               - globalSoundVolume: 0.5
21:52:39.618 [FXGL Background Thread 3 ] DEBUG Engine               - globalSoundVolumeProperty: DoubleProperty [value: 0.5]
21:52:39.618 [FXGL Background Thread 3 ] DEBUG Engine               - height: 600
21:52:39.619 [FXGL Background Thread 3 ] DEBUG Engine               - is3D: false
21:52:39.619 [FXGL Background Thread 3 ] DEBUG Engine               - isAndroid: false
21:52:39.619 [FXGL Background Thread 3 ] DEBUG Engine               - isBrowser: false
21:52:39.619 [FXGL Background Thread 3 ] DEBUG Engine               - isClickFeedbackEnabled: false
21:52:39.619 [FXGL Background Thread 3 ] DEBUG Engine               - isCloseConfirmation: false
21:52:39.619 [FXGL Background Thread 3 ] DEBUG Engine               - isDesktop: true
21:52:39.619 [FXGL Background Thread 3 ] DEBUG Engine               - isDeveloperMenuEnabled: false
21:52:39.619 [FXGL Background Thread 3 ] DEBUG Engine               - isEmbedded: false
21:52:39.619 [FXGL Background Thread 3 ] DEBUG Engine               - isEntityPreloadEnabled: true
21:52:39.619 [FXGL Background Thread 3 ] DEBUG Engine               - isExperimentalTiledLargeMap: false
21:52:39.619 [FXGL Background Thread 3 ] DEBUG Engine               - isFileSystemWriteAllowed: true
21:52:39.619 [FXGL Background Thread 3 ] DEBUG Engine               - isFullScreenAllowed: false
21:52:39.619 [FXGL Background Thread 3 ] DEBUG Engine               - isFullScreenFromStart: false
21:52:39.619 [FXGL Background Thread 3 ] DEBUG Engine               - isGameMenuEnabled: true
21:52:39.619 [FXGL Background Thread 3 ] DEBUG Engine               - isIOS: false
21:52:39.619 [FXGL Background Thread 3 ] DEBUG Engine               - isIntroEnabled: false
21:52:39.619 [FXGL Background Thread 3 ] DEBUG Engine               - isLinux: true
21:52:39.619 [FXGL Background Thread 3 ] DEBUG Engine               - isMac: false
21:52:39.619 [FXGL Background Thread 3 ] DEBUG Engine               - isMainMenuEnabled: false
21:52:39.619 [FXGL Background Thread 3 ] DEBUG Engine               - isManualResizeEnabled: false
21:52:39.619 [FXGL Background Thread 3 ] DEBUG Engine               - isMobile: false
21:52:39.619 [FXGL Background Thread 3 ] DEBUG Engine               - isNative: false
21:52:39.619 [FXGL Background Thread 3 ] DEBUG Engine               - isPauseMusicWhenMinimized: true
21:52:39.619 [FXGL Background Thread 3 ] DEBUG Engine               - isPreserveResizeRatio: false
21:52:39.619 [FXGL Background Thread 3 ] DEBUG Engine               - isProfilingEnabled: false
21:52:39.619 [FXGL Background Thread 3 ] DEBUG Engine               - isScaleAffectedOnResize: true
21:52:39.619 [FXGL Background Thread 3 ] DEBUG Engine               - isSingleStep: false
21:52:39.619 [FXGL Background Thread 3 ] DEBUG Engine               - isUserProfileEnabled: false
21:52:39.619 [FXGL Background Thread 3 ] DEBUG Engine               - isWindows: false
21:52:39.619 [FXGL Background Thread 3 ] DEBUG Engine               - language: ObjectProperty [value: ENGLISH]
21:52:39.619 [FXGL Background Thread 3 ] DEBUG Engine               - menuKey: ESCAPE
21:52:39.619 [FXGL Background Thread 3 ] DEBUG Engine               - mouseSensitivity: 0.2
21:52:39.619 [FXGL Background Thread 3 ] DEBUG Engine               - notificationViewClass: class com.almasb.fxgl.notification.view.XboxNotificationView
21:52:39.619 [FXGL Background Thread 3 ] DEBUG Engine               - pixelsPerMeter: 50.0
21:52:39.619 [FXGL Background Thread 3 ] DEBUG Engine               - platform: LINUX
21:52:39.619 [FXGL Background Thread 3 ] DEBUG Engine               - prefHeightProperty: ReadOnlyDoubleProperty [value: 600.0]
21:52:39.619 [FXGL Background Thread 3 ] DEBUG Engine               - prefWidthProperty: ReadOnlyDoubleProperty [value: 800.0]
21:52:39.619 [FXGL Background Thread 3 ] DEBUG Engine               - profileDir: profiles/
21:52:39.619 [FXGL Background Thread 3 ] DEBUG Engine               - profileName: StringProperty [value: DEFAULT]
21:52:39.619 [FXGL Background Thread 3 ] DEBUG Engine               - randomSeed: -1
21:52:39.619 [FXGL Background Thread 3 ] DEBUG Engine               - runtimeInfo: RuntimeInfo(platform=LINUX, version=21.1, build=26.03.2024 17.33)
21:52:39.619 [FXGL Background Thread 3 ] DEBUG Engine               - saveFileExt: sav
21:52:39.619 [FXGL Background Thread 3 ] DEBUG Engine               - scaledHeightProp$fxgl: DoubleProperty [bound, value: 597.0]
21:52:39.619 [FXGL Background Thread 3 ] DEBUG Engine               - scaledWidthProp$fxgl: DoubleProperty [bound, value: 800.0]
21:52:39.619 [FXGL Background Thread 3 ] DEBUG Engine               - sceneFactory: simgraphic.menu$1@27cc7f13
21:52:39.619 [FXGL Background Thread 3 ] DEBUG Engine               - secondsIn24h: 60
21:52:39.620 [FXGL Background Thread 3 ] DEBUG Engine               - soundMenuBack: menu/back.wav
21:52:39.620 [FXGL Background Thread 3 ] DEBUG Engine               - soundMenuPress: menu/press.wav
21:52:39.620 [FXGL Background Thread 3 ] DEBUG Engine               - soundMenuSelect: menu/select.wav
21:52:39.620 [FXGL Background Thread 3 ] DEBUG Engine               - soundNotification: core/notification.wav
21:52:39.620 [FXGL Background Thread 3 ] DEBUG Engine               - stageStyle: DECORATED
21:52:39.620 [FXGL Background Thread 3 ] DEBUG Engine               - supportedLanguages: [ENGLISH, FRENCH, GERMAN, HUNGARIAN, RUSSIAN]
21:52:39.620 [FXGL Background Thread 3 ] DEBUG Engine               - ticksPerSecond: -1
21:52:39.620 [FXGL Background Thread 3 ] DEBUG Engine               - title: Blurein Bomb Simulator
21:52:39.620 [FXGL Background Thread 3 ] DEBUG Engine               - urlGithub: https://github.com/AlmasB/FXGL
21:52:39.620 [FXGL Background Thread 3 ] DEBUG Engine               - urlLeaderboard: http://fxgl-top.herokuapp.com/
21:52:39.620 [FXGL Background Thread 3 ] DEBUG Engine               - urlPOM: https://raw.githubusercontent.com/AlmasB/FXGL/release/README.md
21:52:39.620 [FXGL Background Thread 3 ] DEBUG Engine               - userAppClass: class simgraphic.menu
21:52:39.620 [FXGL Background Thread 3 ] DEBUG Engine               - version: 0.4bb
21:52:39.620 [FXGL Background Thread 3 ] DEBUG Engine               - versionCheckDays: 7
21:52:39.620 [FXGL Background Thread 3 ] DEBUG Engine               - width: 800
21:52:39.620 [FXGL Background Thread 3 ] DEBUG Engine               - Logging services
21:52:39.620 [FXGL Background Thread 3 ] DEBUG Engine               - class com.almasb.fxgl.app.services.FXGLAssetLoaderService
21:52:39.620 [FXGL Background Thread 3 ] DEBUG Engine               - class com.almasb.fxgl.app.FXGLApplication$GameApplicationService
21:52:39.620 [FXGL Background Thread 3 ] DEBUG Engine               - class com.almasb.fxgl.app.services.FXGLDialogService
21:52:39.620 [FXGL Background Thread 3 ] DEBUG Engine               - class com.almasb.fxgl.app.services.IOTaskExecutorService
21:52:39.620 [FXGL Background Thread 3 ] DEBUG Engine               - class com.almasb.fxgl.io.FileSystemService
21:52:39.620 [FXGL Background Thread 3 ] DEBUG Engine               - class com.almasb.fxgl.localization.LocalizationService
21:52:39.620 [FXGL Background Thread 3 ] DEBUG Engine               - class com.almasb.fxgl.app.services.SystemBundleService
21:52:39.620 [FXGL Background Thread 3 ] DEBUG Engine               - class com.almasb.fxgl.profile.SaveLoadService
21:52:39.620 [FXGL Background Thread 3 ] DEBUG Engine               - class com.almasb.fxgl.ui.FXGLUIFactoryServiceProvider
21:52:39.620 [FXGL Background Thread 3 ] DEBUG Engine               - class com.almasb.fxgl.ui.FXGLDialogFactoryServiceProvider
21:52:39.620 [FXGL Background Thread 3 ] DEBUG Engine               - class com.almasb.fxgl.audio.AudioPlayer
21:52:39.620 [FXGL Background Thread 3 ] DEBUG Engine               - class com.almasb.fxgl.notification.impl.NotificationServiceProvider
21:52:39.620 [FXGL Background Thread 3 ] DEBUG Engine               - class com.almasb.fxgl.achievement.AchievementService
21:52:39.620 [FXGL Background Thread 3 ] DEBUG Engine               - class com.almasb.fxgl.cutscene.CutsceneService
21:52:39.620 [FXGL Background Thread 3 ] DEBUG Engine               - class com.almasb.fxgl.minigames.MiniGameService
21:52:39.620 [FXGL Background Thread 3 ] DEBUG Engine               - class com.almasb.fxgl.net.NetService
21:52:39.620 [FXGL Background Thread 3 ] DEBUG Engine               - class com.almasb.fxgl.app.services.UpdaterService
21:52:39.620 [FXGL Background Thread 3 ] DEBUG Engine               - class com.almasb.fxgl.dev.DevService
21:52:39.758 [JavaFX Application Thread] DEBUG FXGLApplication      - Exiting FXGL
21:52:39.758 [JavaFX Application Thread] DEBUG LoopRunner           - Stopping loop
21:52:39.758 [JavaFX Application Thread] DEBUG SystemBundleService  - Saving FXGL system data
21:52:39.760 [JavaFX Application Thread] DEBUG FileSystemAccess     - Writing to: /home/pasha/Загрузки/sim/simgraphic/system/fxgl.bundle
21:52:39.761 [JavaFX Application Thread] DEBUG Async                - Shutting down background threads
21:52:39.762 [JavaFX Application Thread] DEBUG PrimaryStageWindow   - Closing main window
21:52:39.764 [JavaFX Application Thread] DEBUG Logger               - Closing Logger
